0 verbose cli /usr/local/bin/node /usr/local/bin/npm
1 info using npm@8.19.3
2 info using node@v17.9.1
3 timing npm:load:whichnode Completed in 0ms
4 timing config:load:defaults Completed in 1ms
5 timing config:load:file:/usr/local/lib/node_modules/npm/npmrc Completed in 1ms
6 timing config:load:builtin Completed in 1ms
7 timing config:load:cli Completed in 1ms
8 timing config:load:env Completed in 0ms
9 timing config:load:project Completed in 6ms
10 timing config:load:file:/home/container/.npmrc Completed in 0ms
11 timing config:load:user Completed in 0ms
12 timing config:load:file:/usr/local/etc/npmrc Completed in 0ms
13 timing config:load:global Completed in 0ms
14 timing config:load:validate Completed in 0ms
15 timing config:load:credentials Completed in 1ms
16 timing config:load:setEnvs Completed in 1ms
17 timing config:load Completed in 12ms
18 timing npm:load:configload Completed in 12ms
19 timing npm:load:mkdirpcache Completed in 1ms
20 timing npm:load:mkdirplogs Completed in 0ms
21 verbose title npm install discord.js
22 verbose argv "install" "discord.js"
23 timing npm:load:setTitle Completed in 1ms
24 timing config:load:flatten Completed in 2ms
25 timing npm:load:display Completed in 3ms
26 verbose logfile logs-max:10 dir:/home/container/.npm/_logs
27 verbose logfile /home/container/.npm/_logs/2023-03-13T07_49_58_506Z-debug-0.log
28 timing npm:load:logFile Completed in 4ms
29 timing npm:load:timers Completed in 0ms
30 timing npm:load:configScope Completed in 0ms
31 timing npm:load Completed in 21ms
32 timing arborist:ctor Completed in 1ms
33 silly logfile start cleaning logs, removing 1 files
34 silly logfile done cleaning log files
35 timing idealTree:init Completed in 41ms
36 timing idealTree:userRequests Completed in 1ms
37 silly idealTree buildDeps
38 silly fetch manifest discord.js@^14.7.1
39 timing arborist:ctor Completed in 0ms
40 http fetch GET 200 https://registry.npmjs.org/discord.js 358ms (cache updated)
41 silly placeDep ROOT discord.js@14.8.0 REPLACE for:  want: ^14.7.1
42 silly fetch manifest @discordjs/builders@^1.5.0
43 silly fetch manifest @discordjs/collection@^1.4.0
44 silly fetch manifest @discordjs/formatters@^0.2.0
45 silly fetch manifest @discordjs/rest@^1.6.0
46 silly fetch manifest @discordjs/util@^0.2.0
47 silly fetch manifest @sapphire/snowflake@^3.4.0
48 silly fetch manifest discord-api-types@^0.37.35
49 silly fetch manifest fast-deep-equal@^3.1.3
50 silly fetch manifest tslib@^2.5.0
51 silly fetch manifest undici@^5.20.0
52 http fetch GET 200 https://registry.npmjs.org/fast-deep-equal 151ms (cache revalidated)
53 http fetch GET 200 https://registry.npmjs.org/tslib 151ms (cache revalidated)
54 http fetch GET 200 https://registry.npmjs.org/undici 163ms (cache revalidated)
55 http fetch GET 200 https://registry.npmjs.org/@sapphire%2fsnowflake 294ms (cache updated)
56 http fetch GET 200 https://registry.npmjs.org/@discordjs%2fcollection 300ms (cache updated)
57 http fetch GET 200 https://registry.npmjs.org/@discordjs%2futil 393ms (cache updated)
58 http fetch GET 200 https://registry.npmjs.org/discord-api-types 839ms (cache revalidated)
59 http fetch GET 200 https://registry.npmjs.org/@discordjs%2fformatters 1391ms (cache miss)
60 http fetch GET 200 https://registry.npmjs.org/@discordjs%2fbuilders 1583ms (cache updated)
61 http fetch GET 200 https://registry.npmjs.org/@discordjs%2frest 1740ms (cache updated)
62 timing idealTree:#root Completed in 2125ms
63 silly placeDep ROOT @discordjs/builders@1.5.0 OK for: discord.js@14.8.0 want: ^1.5.0
64 silly placeDep ROOT @discordjs/collection@1.4.0 OK for: discord.js@14.8.0 want: ^1.4.0
65 silly placeDep ROOT @discordjs/formatters@0.2.0 OK for: discord.js@14.8.0 want: ^0.2.0
66 silly placeDep ROOT @discordjs/rest@1.6.0 OK for: discord.js@14.8.0 want: ^1.6.0
67 silly placeDep ROOT @discordjs/util@0.2.0 OK for: discord.js@14.8.0 want: ^0.2.0
68 silly placeDep ROOT @sapphire/snowflake@3.4.0 OK for: discord.js@14.8.0 want: ^3.4.0
69 silly placeDep ROOT discord-api-types@0.37.35 OK for: discord.js@14.8.0 want: ^0.37.35
70 silly placeDep ROOT fast-deep-equal@3.1.3 OK for: discord.js@14.8.0 want: ^3.1.3
71 silly placeDep ROOT tslib@2.5.0 OK for: discord.js@14.8.0 want: ^2.5.0
72 silly placeDep ROOT undici@5.20.0 OK for: discord.js@14.8.0 want: ^5.20.0
73 silly fetch manifest @sapphire/shapeshift@^3.8.1
74 silly fetch manifest ts-mixer@^6.0.3
75 silly fetch manifest @sapphire/async-queue@^1.5.0
76 silly fetch manifest file-type@^18.2.1
77 silly fetch manifest busboy@^1.6.0
78 http fetch GET 200 https://registry.npmjs.org/file-type 58ms (cache revalidated)
79 http fetch GET 200 https://registry.npmjs.org/busboy 63ms (cache revalidated)
80 http fetch GET 200 https://registry.npmjs.org/ts-mixer 689ms (cache revalidated)
81 http fetch GET 200 https://registry.npmjs.org/@sapphire%2fshapeshift 1502ms (cache updated)
82 http fetch GET 200 https://registry.npmjs.org/@sapphire%2fasync-queue 1735ms (cache updated)
83 timing idealTree:node_modules/discord.js Completed in 1769ms
84 silly placeDep ROOT @sapphire/shapeshift@3.8.1 OK for: @discordjs/builders@1.5.0 want: ^3.8.1
85 silly placeDep ROOT ts-mixer@6.0.3 OK for: @discordjs/builders@1.5.0 want: ^6.0.3
86 silly fetch manifest lodash@^4.17.21
87 http fetch GET 200 https://registry.npmjs.org/lodash 682ms (cache revalidated)
88 timing idealTree:node_modules/@discordjs/builders Completed in 686ms
89 timing idealTree:node_modules/@discordjs/collection Completed in 0ms
90 timing idealTree:node_modules/@discordjs/formatters Completed in 0ms
91 silly placeDep ROOT @sapphire/async-queue@1.5.0 OK for: @discordjs/rest@1.6.0 want: ^1.5.0
92 silly placeDep ROOT file-type@18.2.1 OK for: @discordjs/rest@1.6.0 want: ^18.2.1
93 silly fetch manifest readable-web-to-node-stream@^3.0.2
94 silly fetch manifest strtok3@^7.0.0
95 silly fetch manifest token-types@^5.0.1
96 http fetch GET 200 https://registry.npmjs.org/token-types 40ms (cache revalidated)
97 http fetch GET 200 https://registry.npmjs.org/readable-web-to-node-stream 43ms (cache revalidated)
98 http fetch GET 200 https://registry.npmjs.org/strtok3 741ms (cache revalidated)
99 timing idealTree:node_modules/@discordjs/rest Completed in 747ms
100 timing idealTree:node_modules/@discordjs/util Completed in 0ms
101 timing idealTree:node_modules/@sapphire/async-queue Completed in 0ms
102 silly placeDep ROOT lodash@4.17.21 OK for: @sapphire/shapeshift@3.8.1 want: ^4.17.21
103 timing idealTree:node_modules/@sapphire/shapeshift Completed in 1ms
104 timing idealTree:node_modules/@sapphire/snowflake Completed in 0ms
105 timing idealTree:node_modules/discord-api-types Completed in 0ms
106 timing idealTree:node_modules/fast-deep-equal Completed in 0ms
107 silly placeDep ROOT readable-web-to-node-stream@3.0.2 OK for: file-type@18.2.1 want: ^3.0.2
108 silly placeDep ROOT strtok3@7.0.0 OK for: file-type@18.2.1 want: ^7.0.0
109 silly placeDep ROOT token-types@5.0.1 OK for: file-type@18.2.1 want: ^5.0.1
110 silly fetch manifest readable-stream@^3.6.0
111 silly fetch manifest @tokenizer/token@^0.3.0
112 silly fetch manifest peek-readable@^5.0.0
113 silly fetch manifest ieee754@^1.2.1
114 http fetch GET 200 https://registry.npmjs.org/readable-stream 42ms (cache revalidated)
115 http fetch GET 200 https://registry.npmjs.org/ieee754 49ms (cache revalidated)
116 http fetch GET 200 https://registry.npmjs.org/peek-readable 53ms (cache revalidated)
117 http fetch GET 200 https://registry.npmjs.org/@tokenizer%2ftoken 1420ms (cache revalidated)
118 timing idealTree:node_modules/file-type Completed in 1423ms
119 timing idealTree:node_modules/lodash Completed in 0ms
120 silly placeDep ROOT readable-stream@3.6.2 OK for: readable-web-to-node-stream@3.0.2 want: ^3.6.0
121 silly fetch manifest inherits@^2.0.3
122 silly fetch manifest string_decoder@^1.1.1
123 silly fetch manifest util-deprecate@^1.0.1
124 http fetch GET 200 https://registry.npmjs.org/inherits 37ms (cache revalidated)
125 http fetch GET 200 https://registry.npmjs.org/util-deprecate 39ms (cache revalidated)
126 http fetch GET 200 https://registry.npmjs.org/string_decoder 42ms (cache revalidated)
127 timing idealTree:node_modules/readable-web-to-node-stream Completed in 45ms
128 silly placeDep ROOT inherits@2.0.4 OK for: readable-stream@3.6.2 want: ^2.0.3
129 silly placeDep ROOT string_decoder@1.3.0 OK for: readable-stream@3.6.2 want: ^1.1.1
130 silly placeDep ROOT util-deprecate@1.0.2 OK for: readable-stream@3.6.2 want: ^1.0.1
131 silly fetch manifest safe-buffer@~5.2.0
132 http fetch GET 200 https://registry.npmjs.org/safe-buffer 35ms (cache revalidated)
133 timing idealTree:node_modules/readable-stream Completed in 37ms
134 timing idealTree:node_modules/inherits Completed in 0ms
135 silly placeDep ROOT safe-buffer@5.2.1 OK for: string_decoder@1.3.0 want: ~5.2.0
136 timing idealTree:node_modules/string_decoder Completed in 1ms
137 timing idealTree:node_modules/safe-buffer Completed in 0ms
138 silly placeDep ROOT @tokenizer/token@0.3.0 OK for: strtok3@7.0.0 want: ^0.3.0
139 silly placeDep ROOT peek-readable@5.0.0 OK for: strtok3@7.0.0 want: ^5.0.0
140 timing idealTree:node_modules/strtok3 Completed in 1ms
141 timing idealTree:node_modules/@tokenizer/token Completed in 0ms
142 timing idealTree:node_modules/peek-readable Completed in 0ms
143 silly placeDep ROOT ieee754@1.2.1 OK for: token-types@5.0.1 want: ^1.2.1
144 timing idealTree:node_modules/token-types Completed in 1ms
145 timing idealTree:node_modules/ieee754 Completed in 0ms
146 timing idealTree:node_modules/ts-mixer Completed in 0ms
147 timing idealTree:node_modules/tslib Completed in 0ms
148 silly placeDep ROOT busboy@1.6.0 OK for: undici@5.20.0 want: ^1.6.0
149 silly fetch manifest streamsearch@^1.1.0
150 http fetch GET 200 https://registry.npmjs.org/streamsearch 731ms (cache revalidated)
151 timing idealTree:node_modules/undici Completed in 732ms
152 silly placeDep ROOT streamsearch@1.1.0 OK for: busboy@1.6.0 want: ^1.1.0
153 timing idealTree:node_modules/busboy Completed in 1ms
154 timing idealTree:node_modules/streamsearch Completed in 0ms
155 timing idealTree:node_modules/util-deprecate Completed in 0ms
156 timing idealTree:buildDeps Completed in 7571ms
157 timing idealTree:fixDepFlags Completed in 1ms
158 timing idealTree Completed in 7617ms
159 timing reify:loadTrees Completed in 7617ms
160 timing reify:diffTrees Completed in 1ms
161 silly reify mark retired [ '/home/container/node_modules/@discordjs/builders' ]
162 silly reify mark retired [ '/home/container/node_modules/@discordjs/collection' ]
163 silly reify mark retired [ '/home/container/node_modules/@discordjs/rest' ]
164 silly reify mark retired [ '/home/container/node_modules/@discordjs/util' ]
165 silly reify mark retired [ '/home/container/node_modules/discord.js' ]
166 silly reify moves {
166 silly reify   '/home/container/node_modules/@discordjs/builders': '/home/container/node_modules/@discordjs/.builders-0rURmu76',
166 silly reify   '/home/container/node_modules/@discordjs/collection': '/home/container/node_modules/@discordjs/.collection-cPalTjdk',
166 silly reify   '/home/container/node_modules/@discordjs/rest': '/home/container/node_modules/@discordjs/.rest-h26io728',
166 silly reify   '/home/container/node_modules/@discordjs/util': '/home/container/node_modules/@discordjs/.util-7FqP9PKU',
166 silly reify   '/home/container/node_modules/discord.js': '/home/container/node_modules/.discord.js-PAVAWahc'
166 silly reify }
167 timing reify:retireShallow Completed in 3ms
168 timing reify:createSparse Completed in 1ms
169 timing reify:loadBundles Completed in 0ms
170 silly audit bulk request {
170 silly audit   '@types/node': [ '18.15.0' ],
170 silly audit   '@types/ws': [ '8.5.4' ],
170 silly audit   'lodash.snakecase': [ '4.1.1' ],
170 silly audit   ws: [ '8.13.0' ],
170 silly audit   'discord.js': [ '14.8.0' ],
170 silly audit   '@discordjs/builders': [ '1.5.0' ],
170 silly audit   '@discordjs/collection': [ '1.4.0' ],
170 silly audit   '@discordjs/formatters': [ '0.2.0' ],
170 silly audit   '@discordjs/rest': [ '1.6.0' ],
170 silly audit   '@discordjs/util': [ '0.2.0' ],
170 silly audit   '@sapphire/snowflake': [ '3.4.0' ],
170 silly audit   'discord-api-types': [ '0.37.35' ],
170 silly audit   'fast-deep-equal': [ '3.1.3' ],
170 silly audit   tslib: [ '2.5.0' ],
170 silly audit   undici: [ '5.20.0' ],
170 silly audit   '@sapphire/shapeshift': [ '3.8.1' ],
170 silly audit   'ts-mixer': [ '6.0.3' ],
170 silly audit   '@sapphire/async-queue': [ '1.5.0' ],
170 silly audit   'file-type': [ '18.2.1' ],
170 silly audit   lodash: [ '4.17.21' ],
170 silly audit   'readable-web-to-node-stream': [ '3.0.2' ],
170 silly audit   strtok3: [ '7.0.0' ],
170 silly audit   'token-types': [ '5.0.1' ],
170 silly audit   'readable-stream': [ '3.6.2' ],
170 silly audit   inherits: [ '2.0.4' ],
170 silly audit   string_decoder: [ '1.3.0' ],
170 silly audit   'util-deprecate': [ '1.0.2' ],
170 silly audit   'safe-buffer': [ '5.2.1' ],
170 silly audit   '@tokenizer/token': [ '0.3.0' ],
170 silly audit   'peek-readable': [ '5.0.0' ],
170 silly audit   ieee754: [ '1.2.1' ],
170 silly audit   busboy: [ '1.6.0' ],
170 silly audit   streamsearch: [ '1.1.0' ]
170 silly audit }
171 silly tarball no local data for @discordjs/formatters@https://registry.npmjs.org/@discordjs/formatters/-/formatters-0.2.0.tgz. Extracting by manifest.
172 silly tarball no local data for discord.js@https://registry.npmjs.org/discord.js/-/discord.js-14.8.0.tgz. Extracting by manifest.
173 silly tarball no local data for @discordjs/util@https://registry.npmjs.org/@discordjs/util/-/util-0.2.0.tgz. Extracting by manifest.
174 silly tarball no local data for @discordjs/rest@https://registry.npmjs.org/@discordjs/rest/-/rest-1.6.0.tgz. Extracting by manifest.
175 silly tarball no local data for @discordjs/collection@https://registry.npmjs.org/@discordjs/collection/-/collection-1.4.0.tgz. Extracting by manifest.
176 silly tarball no local data for @discordjs/builders@https://registry.npmjs.org/@discordjs/builders/-/builders-1.5.0.tgz. Extracting by manifest.
177 http fetch GET 200 https://registry.npmjs.org/@discordjs/collection/-/collection-1.4.0.tgz 66ms (cache miss)
178 timing reifyNode:node_modules/@discordjs/collection Completed in 79ms
179 http fetch GET 200 https://registry.npmjs.org/@discordjs/builders/-/builders-1.5.0.tgz 168ms (cache miss)
180 timing reifyNode:node_modules/@discordjs/builders Completed in 181ms
181 http fetch POST 200 https://registry.npmjs.org/-/npm/v1/security/advisories/bulk 200ms
182 timing auditReport:getReport Completed in 201ms
183 silly audit report {}
184 timing auditReport:init Completed in 0ms
185 timing reify:audit Completed in 203ms
186 http fetch GET 200 https://registry.npmjs.org/@discordjs/util/-/util-0.2.0.tgz 199ms (cache miss)
187 timing reifyNode:node_modules/@discordjs/util Completed in 209ms
188 http fetch GET 200 https://registry.npmjs.org/@discordjs/rest/-/rest-1.6.0.tgz 275ms (cache miss)
189 timing reifyNode:node_modules/@discordjs/rest Completed in 287ms
190 http fetch GET 200 https://registry.npmjs.org/discord.js/-/discord.js-14.8.0.tgz 285ms (cache miss)
191 timing reifyNode:node_modules/discord.js Completed in 294ms
192 http fetch GET 200 https://registry.npmjs.org/@discordjs/formatters/-/formatters-0.2.0.tgz 838ms (cache miss)
193 timing reifyNode:node_modules/@discordjs/formatters Completed in 846ms
194 timing reify:unpack Completed in 846ms
195 timing reify:unretire Completed in 0ms
196 timing build:queue Completed in 0ms
197 timing build:deps Completed in 0ms
198 timing build Completed in 1ms
199 timing reify:build Completed in 1ms
200 timing reify:trash Completed in 23ms
201 timing reify:save Completed in 9ms
202 timing reify Completed in 8557ms
203 silly ADD node_modules/@discordjs/formatters
204 silly CHANGE node_modules/discord.js
205 silly CHANGE node_modules/@discordjs/util
206 silly CHANGE node_modules/@discordjs/rest
207 silly CHANGE node_modules/@discordjs/collection
208 silly CHANGE node_modules/@discordjs/builders
209 timing command:install Completed in 8561ms
210 verbose exit 0
211 timing npm Completed in 8680ms
212 info ok
