0 verbose cli /usr/local/bin/node /usr/local/bin/npm
1 info using npm@8.19.3
2 info using node@v17.9.1
3 timing npm:load:whichnode Completed in 0ms
4 timing config:load:defaults Completed in 1ms
5 timing config:load:file:/usr/local/lib/node_modules/npm/npmrc Completed in 0ms
6 timing config:load:builtin Completed in 0ms
7 timing config:load:cli Completed in 0ms
8 timing config:load:env Completed in 1ms
9 timing config:load:project Completed in 5ms
10 timing config:load:file:/home/container/.npmrc Completed in 0ms
11 timing config:load:user Completed in 0ms
12 timing config:load:file:/usr/local/etc/npmrc Completed in 0ms
13 timing config:load:global Completed in 0ms
14 timing config:load:validate Completed in 0ms
15 timing config:load:credentials Completed in 0ms
16 timing config:load:setEnvs Completed in 1ms
17 timing config:load Completed in 10ms
18 timing npm:load:configload Completed in 10ms
19 timing npm:load:mkdirpcache Completed in 1ms
20 timing npm:load:mkdirplogs Completed in 0ms
21 verbose title npm install discord.js
22 verbose argv "install" "discord.js"
23 timing npm:load:setTitle Completed in 1ms
24 timing config:load:flatten Completed in 2ms
25 timing npm:load:display Completed in 3ms
26 verbose logfile logs-max:10 dir:/home/container/.npm/_logs
27 verbose logfile /home/container/.npm/_logs/2023-03-11T17_05_24_830Z-debug-0.log
28 timing npm:load:logFile Completed in 3ms
29 timing npm:load:timers Completed in 0ms
30 timing npm:load:configScope Completed in 0ms
31 timing npm:load Completed in 20ms
32 timing arborist:ctor Completed in 1ms
33 silly logfile start cleaning logs, removing 1 files
34 silly logfile done cleaning log files
35 timing idealTree:init Completed in 46ms
36 timing idealTree:userRequests Completed in 1ms
37 silly idealTree buildDeps
38 silly fetch manifest discord.js@^14.7.1
39 timing arborist:ctor Completed in 0ms
40 http fetch GET 200 https://registry.npmjs.org/discord.js 27ms (cache hit)
41 silly placeDep ROOT discord.js@14.7.1 REPLACE for:  want: ^14.7.1
42 timing idealTree:#root Completed in 45ms
43 timing idealTree:node_modules/discord.js Completed in 0ms
44 timing idealTree:buildDeps Completed in 46ms
45 timing idealTree:fixDepFlags Completed in 1ms
46 timing idealTree Completed in 95ms
47 timing reify:loadTrees Completed in 95ms
48 timing reify:diffTrees Completed in 2ms
49 silly reify moves {}
50 timing reify:retireShallow Completed in 1ms
51 timing reify:createSparse Completed in 0ms
52 timing reify:loadBundles Completed in 0ms
53 silly audit bulk request {
53 silly audit   '@discordjs/builders': [ '1.4.0' ],
53 silly audit   '@discordjs/collection': [ '1.3.0' ],
53 silly audit   '@discordjs/rest': [ '1.5.0' ],
53 silly audit   '@discordjs/util': [ '0.1.0' ],
53 silly audit   '@sapphire/async-queue': [ '1.5.0' ],
53 silly audit   '@sapphire/shapeshift': [ '3.8.1' ],
53 silly audit   '@sapphire/snowflake': [ '3.4.0' ],
53 silly audit   '@tokenizer/token': [ '0.3.0' ],
53 silly audit   '@types/node': [ '18.15.0' ],
53 silly audit   '@types/ws': [ '8.5.4' ],
53 silly audit   busboy: [ '1.6.0' ],
53 silly audit   'discord-api-types': [ '0.37.35' ],
53 silly audit   'fast-deep-equal': [ '3.1.3' ],
53 silly audit   'file-type': [ '18.2.1' ],
53 silly audit   ieee754: [ '1.2.1' ],
53 silly audit   inherits: [ '2.0.4' ],
53 silly audit   lodash: [ '4.17.21' ],
53 silly audit   'lodash.snakecase': [ '4.1.1' ],
53 silly audit   'peek-readable': [ '5.0.0' ],
53 silly audit   'readable-stream': [ '3.6.2' ],
53 silly audit   'readable-web-to-node-stream': [ '3.0.2' ],
53 silly audit   'safe-buffer': [ '5.2.1' ],
53 silly audit   streamsearch: [ '1.1.0' ],
53 silly audit   string_decoder: [ '1.3.0' ],
53 silly audit   strtok3: [ '7.0.0' ],
53 silly audit   'token-types': [ '5.0.1' ],
53 silly audit   'ts-mixer': [ '6.0.3' ],
53 silly audit   tslib: [ '2.5.0' ],
53 silly audit   undici: [ '5.20.0' ],
53 silly audit   'util-deprecate': [ '1.0.2' ],
53 silly audit   ws: [ '8.13.0' ],
53 silly audit   'discord.js': [ '14.7.1' ]
53 silly audit }
54 timing reify:unpack Completed in 1ms
55 timing reify:unretire Completed in 0ms
56 timing build:queue Completed in 0ms
57 timing build:deps Completed in 0ms
58 timing build Completed in 0ms
59 timing reify:build Completed in 0ms
60 timing reify:trash Completed in 0ms
61 timing reify:save Completed in 8ms
62 http fetch POST 200 https://registry.npmjs.org/-/npm/v1/security/advisories/bulk 336ms
63 timing auditReport:getReport Completed in 338ms
64 silly audit report {}
65 timing auditReport:init Completed in 0ms
66 timing reify:audit Completed in 338ms
67 timing reify Completed in 443ms
68 timing command:install Completed in 448ms
69 verbose exit 0
70 timing npm Completed in 538ms
71 info ok
