0 verbose cli /usr/local/bin/node /usr/local/bin/npm
1 info using npm@8.19.3
2 info using node@v17.9.1
3 timing npm:load:whichnode Completed in 0ms
4 timing config:load:defaults Completed in 2ms
5 timing config:load:file:/usr/local/lib/node_modules/npm/npmrc Completed in 0ms
6 timing config:load:builtin Completed in 1ms
7 timing config:load:cli Completed in 1ms
8 timing config:load:env Completed in 0ms
9 timing config:load:project Completed in 6ms
10 timing config:load:file:/home/container/.npmrc Completed in 0ms
11 timing config:load:user Completed in 0ms
12 timing config:load:file:/usr/local/etc/npmrc Completed in 0ms
13 timing config:load:global Completed in 0ms
14 timing config:load:validate Completed in 0ms
15 timing config:load:credentials Completed in 1ms
16 timing config:load:setEnvs Completed in 0ms
17 timing config:load Completed in 11ms
18 timing npm:load:configload Completed in 12ms
19 timing npm:load:mkdirpcache Completed in 0ms
20 timing npm:load:mkdirplogs Completed in 1ms
21 verbose title npm install
22 verbose argv "install"
23 timing npm:load:setTitle Completed in 0ms
24 timing config:load:flatten Completed in 1ms
25 timing npm:load:display Completed in 3ms
26 verbose logfile logs-max:10 dir:/home/container/.npm/_logs
27 verbose logfile /home/container/.npm/_logs/2023-03-11T17_02_07_017Z-debug-0.log
28 timing npm:load:logFile Completed in 4ms
29 timing npm:load:timers Completed in 0ms
30 timing npm:load:configScope Completed in 0ms
31 timing npm:load Completed in 20ms
32 timing arborist:ctor Completed in 0ms
33 silly logfile done cleaning log files
34 timing idealTree:init Completed in 30ms
35 timing idealTree:userRequests Completed in 0ms
36 silly idealTree buildDeps
37 timing idealTree:#root Completed in 0ms
38 timing idealTree:buildDeps Completed in 1ms
39 timing idealTree:fixDepFlags Completed in 0ms
40 timing idealTree Completed in 33ms
41 timing arborist:ctor Completed in 1ms
42 timing reify:loadTrees Completed in 45ms
43 timing reify:diffTrees Completed in 20ms
44 silly reify moves {}
45 timing reify:retireShallow Completed in 1ms
46 timing reify:createSparse Completed in 0ms
47 timing reify:loadBundles Completed in 0ms
48 silly audit bulk request {
48 silly audit   '@discordjs/builders': [ '1.4.0' ],
48 silly audit   '@discordjs/collection': [ '1.3.0' ],
48 silly audit   '@discordjs/rest': [ '1.5.0' ],
48 silly audit   '@discordjs/util': [ '0.1.0' ],
48 silly audit   '@sapphire/async-queue': [ '1.5.0' ],
48 silly audit   '@sapphire/shapeshift': [ '3.8.1' ],
48 silly audit   '@sapphire/snowflake': [ '3.4.0' ],
48 silly audit   '@tokenizer/token': [ '0.3.0' ],
48 silly audit   '@types/node': [ '18.15.0' ],
48 silly audit   '@types/ws': [ '8.5.4' ],
48 silly audit   busboy: [ '1.6.0' ],
48 silly audit   'discord-api-types': [ '0.37.35' ],
48 silly audit   'discord.js': [ '14.7.1' ],
48 silly audit   'fast-deep-equal': [ '3.1.3' ],
48 silly audit   'file-type': [ '18.2.1' ],
48 silly audit   ieee754: [ '1.2.1' ],
48 silly audit   inherits: [ '2.0.4' ],
48 silly audit   lodash: [ '4.17.21' ],
48 silly audit   'lodash.snakecase': [ '4.1.1' ],
48 silly audit   'peek-readable': [ '5.0.0' ],
48 silly audit   'readable-stream': [ '3.6.2' ],
48 silly audit   'readable-web-to-node-stream': [ '3.0.2' ],
48 silly audit   'safe-buffer': [ '5.2.1' ],
48 silly audit   streamsearch: [ '1.1.0' ],
48 silly audit   string_decoder: [ '1.3.0' ],
48 silly audit   strtok3: [ '7.0.0' ],
48 silly audit   'token-types': [ '5.0.1' ],
48 silly audit   'ts-mixer': [ '6.0.3' ],
48 silly audit   tslib: [ '2.5.0' ],
48 silly audit   undici: [ '5.20.0' ],
48 silly audit   'util-deprecate': [ '1.0.2' ],
48 silly audit   ws: [ '8.13.0' ]
48 silly audit }
49 timing reify:unpack Completed in 2ms
50 timing reify:unretire Completed in 0ms
51 timing build:queue Completed in 0ms
52 timing build:deps Completed in 1ms
53 timing build Completed in 1ms
54 timing reify:build Completed in 1ms
55 timing reify:trash Completed in 0ms
56 timing reify:save Completed in 10ms
57 http fetch POST 200 https://registry.npmjs.org/-/npm/v1/security/advisories/bulk 316ms
58 timing auditReport:getReport Completed in 319ms
59 silly audit report {}
60 timing auditReport:init Completed in 0ms
61 timing reify:audit Completed in 319ms
62 timing reify Completed in 391ms
63 timing command:install Completed in 399ms
64 verbose exit 0
65 timing npm Completed in 484ms
66 info ok
